<?xml version="1.0" encoding="UTF-8"?>
<!-- Generated by org.testng.reporters.JUnitReportReporter -->
<testsuite hostname="Nitin-MacBook-Pro.local" failures="0" tests="1" name="Nauk.TestRunner2" time="28.773" errors="0" timestamp="2021-10-11T19:09:08 IST" skipped="0">
  <testcase classname="Nauk.TestRunner2" name="Nandan_naukri" time="28.773"/>
  <system-out/>
</testsuite> <!-- Nauk.TestRunner2 -->
