<?xml version="1.0" encoding="UTF-8"?>
<!-- Generated by org.testng.reporters.JUnitReportReporter -->
<testsuite hostname="Nitin-MacBook-Pro.local" failures="0" tests="1" name="Nauk.TestRunner" time="48.784" errors="0" timestamp="2021-10-11T19:09:08 IST" skipped="0">
  <testcase classname="Nauk.TestRunner" name="Nitin_naukri" time="48.784"/>
  <system-out/>
</testsuite> <!-- Nauk.TestRunner -->
